<?xml version="1.0" encoding="UTF-8"?>
<!-- Generated by org.testng.reporters.JUnitReportReporter -->
<testsuite hostname="DESKTOP-NL2SUNK" failures="0" tests="1" name="page_object_test.Loginapplication" time="10.376" errors="0" timestamp="2021-07-07T01:32:12 IST" skipped="0">
  <testcase classname="page_object_test.Loginapplication" name="Login" time="10.376"/>
  <system-out/>
</testsuite> <!-- page_object_test.Loginapplication -->
